0 info it worked if it ends with ok
1 verbose cli [ 'C:\\Program Files\\nodejs\\node.exe',
1 verbose cli   'C:\\Program Files\\nodejs\\node_modules\\npm\\bin\\npm-cli.js',
1 verbose cli   'run',
1 verbose cli   'dev' ]
2 info using npm@3.10.9
3 info using node@v6.9.2
4 verbose run-script [ 'predev', 'dev', 'postdev' ]
5 info lifecycle habivator@1.0.0~predev: habivator@1.0.0
6 silly lifecycle habivator@1.0.0~predev: no script for predev, continuing
7 info lifecycle habivator@1.0.0~dev: habivator@1.0.0
8 verbose lifecycle habivator@1.0.0~dev: unsafe-perm in lifecycle true
9 verbose lifecycle habivator@1.0.0~dev: PATH: C:\Program Files\nodejs\node_modules\npm\bin\node-gyp-bin;C:\Users\jcc436\Desktop\Habivator\node_modules\.bin;C:\ProgramData\Oracle\Java\javapath;c:\Program Files (x86)\ActiveState Komodo Edit 10\;C:\Program Files (x86)\Common Files\Intel\Shared Libraries\redist\ia32\mpirt;C:\Program Files (x86)\Common Files\Intel\Shared Libraries\redist\ia32\compiler;C:\Program Files (x86)\NVIDIA Corporation\PhysX\Common;c:\gurobi650\win64\bin;C:\Windows\system32;C:\Windows;C:\Windows\System32\Wbem;C:\Windows\System32\WindowsPowerShell\v1.0\;c:\Program Files\MATLAB\R2016a\runtime\win64;c:\Program Files\MATLAB\R2016a\bin;C:\Program Files\MiKTeX 2.9\miktex\bin\x64\;C:\Program Files\Microsoft SQL Server\Client SDK\ODBC\110\Tools\Binn\;C:\Program Files (x86)\Microsoft SQL Server\120\Tools\Binn\;C:\Program Files\Microsoft SQL Server\120\Tools\Binn\;C:\Program Files\Microsoft SQL Server\120\DTS\Binn\;C:\Program Files (x86)\Windows Kits\8.1\Windows Performance Toolkit\;C:\Program Files (x86)\IVI Foundation\IVI\bin;C:\Program Files\IVI Foundation\IVI\bin;C:\Program Files (x86)\IVI Foundation\VISA\WinNT\Bin\;C:\Program Files\IVI Foundation\VISA\Win64\Bin\;C:\Program Files (x86)\IVI Foundation\VISA\WinNT\Bin;c:\Program Files (x86)\Brackets\command;c:\Program Files (x86)\PuTTY\;c:\Anaconda2;c:\Anaconda2\Scripts;c:\Anaconda2\Library\bin;C:\Program Files\Git\cmd;C:\Program Files\nodejs\;c:\Program Files (x86)\SSH Communications Security\SSH Secure Shell;C:\Users\jcc436\AppData\Roaming\npm
10 verbose lifecycle habivator@1.0.0~dev: CWD: C:\Users\jcc436\Desktop\Habivator
11 silly lifecycle habivator@1.0.0~dev: Args: [ '/d /s /c', 'webpack --progress --colors --watch' ]
12 silly lifecycle habivator@1.0.0~dev: Returned: code: 3221225786  signal: null
13 info lifecycle habivator@1.0.0~dev: Failed to exec dev script
14 verbose stack Error: habivator@1.0.0 dev: `webpack --progress --colors --watch`
14 verbose stack Exit status 3221225786
14 verbose stack     at EventEmitter.<anonymous> (C:\Program Files\nodejs\node_modules\npm\lib\utils\lifecycle.js:255:16)
14 verbose stack     at emitTwo (events.js:106:13)
14 verbose stack     at EventEmitter.emit (events.js:191:7)
14 verbose stack     at ChildProcess.<anonymous> (C:\Program Files\nodejs\node_modules\npm\lib\utils\spawn.js:40:14)
14 verbose stack     at emitTwo (events.js:106:13)
14 verbose stack     at ChildProcess.emit (events.js:191:7)
14 verbose stack     at maybeClose (internal/child_process.js:877:16)
14 verbose stack     at Process.ChildProcess._handle.onexit (internal/child_process.js:226:5)
15 verbose pkgid habivator@1.0.0
16 verbose cwd C:\Users\jcc436\Desktop\Habivator
17 error Windows_NT 6.1.7601
18 error argv "C:\\Program Files\\nodejs\\node.exe" "C:\\Program Files\\nodejs\\node_modules\\npm\\bin\\npm-cli.js" "run" "dev"
19 error node v6.9.2
20 error npm  v3.10.9
21 error code ELIFECYCLE
22 error habivator@1.0.0 dev: `webpack --progress --colors --watch`
22 error Exit status 3221225786
23 error Failed at the habivator@1.0.0 dev script 'webpack --progress --colors --watch'.
23 error Make sure you have the latest version of node.js and npm installed.
23 error If you do, this is most likely a problem with the habivator package,
23 error not with npm itself.
23 error Tell the author that this fails on your system:
23 error     webpack --progress --colors --watch
23 error You can get information on how to open an issue for this project with:
23 error     npm bugs habivator
23 error Or if that isn't available, you can get their info via:
23 error     npm owner ls habivator
23 error There is likely additional logging output above.
24 verbose exit [ 1, true ]
